# JRE version: Java(TM) SE Runtime Environment 18.9 (11.0.17+10) (build 11.0.17+10-LTS-269)
# Java VM: Java HotSpot(TM) 64-Bit Server VM 18.9 (11.0.17+10-LTS-269, mixed mode, tiered, compressed oops, g1 gc, windows-amd64)
Heap:
 garbage-first heap   total 524288K, used 210681K [0x0000000601c00000, 0x0000000800000000)
  region size 2048K, 51 young (104448K), 1 survivors (2048K)
 Metaspace       used 29659K, capacity 30258K, committed 30592K, reserved 1077248K
  class space    used 2810K, capacity 3084K, committed 3200K, reserved 1048576K
GC Heap History (10 events):
Event: 3.147 GC heap before
{Heap before GC invocations=2 (full 0):
 garbage-first heap   total 524288K, used 26432K [0x0000000601c00000, 0x0000000800000000)
  region size 2048K, 12 young (24576K), 2 survivors (4096K)
 Metaspace       used 25110K, capacity 25644K, committed 25856K, reserved 1073152K
  class space    used 2487K, capacity 2765K, committed 2816K, reserved 1048576K
}
Event: 3.160 GC heap after
{Heap after GC invocations=3 (full 0):
 garbage-first heap   total 524288K, used 7767K [0x0000000601c00000, 0x0000000800000000)
  region size 2048K, 1 young (2048K), 1 survivors (2048K)
 Metaspace       used 25110K, capacity 25644K, committed 25856K, reserved 1073152K
  class space    used 2487K, capacity 2765K, committed 2816K, reserved 1048576K
}
Event: 3.372 GC heap before
{Heap before GC invocations=3 (full 0):
 garbage-first heap   total 524288K, used 63063K [0x0000000601c00000, 0x0000000800000000)
  region size 2048K, 24 young (49152K), 1 survivors (2048K)
 Metaspace       used 26563K, capacity 27135K, committed 27520K, reserved 1073152K
  class space    used 2572K, capacity 2836K, committed 2944K, reserved 1048576K
}
Event: 3.375 GC heap after
{Heap after GC invocations=4 (full 0):
 garbage-first heap   total 524288K, used 19221K [0x0000000601c00000, 0x0000000800000000)
  region size 2048K, 3 young (6144K), 3 survivors (6144K)
 Metaspace       used 26563K, capacity 27135K, committed 27520K, reserved 1073152K
  class space    used 2572K, capacity 2836K, committed 2944K, reserved 1048576K
}
Event: 3.445 GC heap before
{Heap before GC invocations=4 (full 0):
 garbage-first heap   total 524288K, used 84757K [0x0000000601c00000, 0x0000000800000000)
  region size 2048K, 36 young (73728K), 3 survivors (6144K)
 Metaspace       used 27454K, capacity 28031K, committed 28288K, reserved 1075200K
  class space    used 2628K, capacity 2900K, committed 2944K, reserved 1048576K
}
Event: 3.450 GC heap after
{Heap after GC invocations=5 (full 0):
 garbage-first heap   total 524288K, used 24440K [0x0000000601c00000, 0x0000000800000000)
  region size 2048K, 5 young (10240K), 5 survivors (10240K)
 Metaspace       used 27454K, capacity 28031K, committed 28288K, reserved 1075200K
  class space    used 2628K, capacity 2900K, committed 2944K, reserved 1048576K
}
Event: 3.731 GC heap before
{Heap before GC invocations=5 (full 0):
 garbage-first heap   total 524288K, used 171896K [0x0000000601c00000, 0x0000000800000000)
  region size 2048K, 51 young (104448K), 5 survivors (10240K)
 Metaspace       used 28203K, capacity 28739K, committed 29184K, reserved 1075200K
  class space    used 2717K, capacity 2964K, committed 3072K, reserved 1048576K
}
Event: 3.738 GC heap after
{Heap after GC invocations=6 (full 0):
 garbage-first heap   total 524288K, used 79557K [0x0000000601c00000, 0x0000000800000000)
  region size 2048K, 6 young (12288K), 6 survivors (12288K)
 Metaspace       used 28203K, capacity 28739K, committed 29184K, reserved 1075200K
  class space    used 2717K, capacity 2964K, committed 3072K, reserved 1048576K
}
Event: 3.957 GC heap before
{Heap before GC invocations=6 (full 0):
 garbage-first heap   total 524288K, used 235205K [0x0000000601c00000, 0x0000000800000000)
  region size 2048K, 70 young (143360K), 6 survivors (12288K)
 Metaspace       used 28226K, capacity 28803K, committed 29184K, reserved 1075200K
  class space    used 2717K, capacity 2964K, committed 3072K, reserved 1048576K
}
Event: 3.961 GC heap after
{Heap after GC invocations=7 (full 0):
 garbage-first heap   total 524288K, used 104185K [0x0000000601c00000, 0x0000000800000000)
  region size 2048K, 1 young (2048K), 1 survivors (2048K)
 Metaspace       used 28226K, capacity 28803K, committed 29184K, reserved 1075200K
  class space    used 2717K, capacity 2964K, committed 3072K, reserved 1048576K
}

